  imgui.cpp
  imgui_demo.cpp
  imgui_draw.cpp
  imgui_widgets.cpp
  imgui_sdl.cpp
D:\Documents\School\GBC\Y2\S1\GAME2005\A2\GAME2005_A2_Ethier_Dunster\include\IMGUI_SDL\imgui_sdl.cpp(3,10): fatal error C1083: Cannot open include file: 'SDL.h': No such file or directory
  Button.cpp
D:\Documents\School\GBC\Y2\S1\GAME2005\A2\GAME2005_A2_Ethier_Dunster\src\Transform.h(4,10): fatal error C1083: Cannot open include file: 'glm/vec2.hpp': No such file or directory
  CollisionManager.cpp
D:\Documents\School\GBC\Y2\S1\GAME2005\A2\GAME2005_A2_Ethier_Dunster\src\Transform.h(4,10): fatal error C1083: Cannot open include file: 'glm/vec2.hpp': No such file or directory
  Sprite.cpp
D:\Documents\School\GBC\Y2\S1\GAME2005\A2\GAME2005_A2_Ethier_Dunster\src\Transform.h(4,10): fatal error C1083: Cannot open include file: 'glm/vec2.hpp': No such file or directory
  UIControl.cpp
D:\Documents\School\GBC\Y2\S1\GAME2005\A2\GAME2005_A2_Ethier_Dunster\src\Transform.h(4,10): fatal error C1083: Cannot open include file: 'glm/vec2.hpp': No such file or directory
  DisplayObject.cpp
D:\Documents\School\GBC\Y2\S1\GAME2005\A2\GAME2005_A2_Ethier_Dunster\src\Transform.h(4,10): fatal error C1083: Cannot open include file: 'glm/vec2.hpp': No such file or directory
  EndScene.cpp
  The contents of <optional> are available only with C++17 or later.
D:\Documents\School\GBC\Y2\S1\GAME2005\A2\GAME2005_A2_Ethier_Dunster\src\Transform.h(4,10): fatal error C1083: Cannot open include file: 'glm/vec2.hpp': No such file or directory
  FontManager.cpp
D:\Documents\School\GBC\Y2\S1\GAME2005\A2\GAME2005_A2_Ethier_Dunster\src\FontManager.h(11,9): fatal error C1083: Cannot open include file: 'SDL.h': No such file or directory
  Game.cpp
D:\Documents\School\GBC\Y2\S1\GAME2005\A2\GAME2005_A2_Ethier_Dunster\src\Game.h(11,10): fatal error C1083: Cannot open include file: 'SDL.h': No such file or directory
  GameController.cpp
D:\Documents\School\GBC\Y2\S1\GAME2005\A2\GAME2005_A2_Ethier_Dunster\src\GameController.h(5,10): fatal error C1083: Cannot open include file: 'SDL.h': No such file or directory
  GameObject.cpp
D:\Documents\School\GBC\Y2\S1\GAME2005\A2\GAME2005_A2_Ethier_Dunster\src\Transform.h(4,10): fatal error C1083: Cannot open include file: 'glm/vec2.hpp': No such file or directory
  Label.cpp
D:\Documents\School\GBC\Y2\S1\GAME2005\A2\GAME2005_A2_Ethier_Dunster\src\Transform.h(4,10): fatal error C1083: Cannot open include file: 'glm/vec2.hpp': No such file or directory
  PlayScene.cpp
  The contents of <optional> are available only with C++17 or later.
D:\Documents\School\GBC\Y2\S1\GAME2005\A2\GAME2005_A2_Ethier_Dunster\src\Transform.h(4,10): fatal error C1083: Cannot open include file: 'glm/vec2.hpp': No such file or directory
  main.cpp
D:\Documents\School\GBC\Y2\S1\GAME2005\A2\GAME2005_A2_Ethier_Dunster\src\Game.h(11,10): fatal error C1083: Cannot open include file: 'SDL.h': No such file or directory
  Plane.cpp
D:\Documents\School\GBC\Y2\S1\GAME2005\A2\GAME2005_A2_Ethier_Dunster\src\Transform.h(4,10): fatal error C1083: Cannot open include file: 'glm/vec2.hpp': No such file or directory
  Player.cpp
D:\Documents\School\GBC\Y2\S1\GAME2005\A2\GAME2005_A2_Ethier_Dunster\src\Transform.h(4,10): fatal error C1083: Cannot open include file: 'glm/vec2.hpp': No such file or directory
  Generating Code...
  Compiling...
  Renderer.cpp
D:\Documents\School\GBC\Y2\S1\GAME2005\A2\GAME2005_A2_Ethier_Dunster\src\Renderer.h(4,10): fatal error C1083: Cannot open include file: 'SDL.h': No such file or directory
  Scene.cpp
  The contents of <optional> are available only with C++17 or later.
D:\Documents\School\GBC\Y2\S1\GAME2005\A2\GAME2005_A2_Ethier_Dunster\src\Transform.h(4,10): fatal error C1083: Cannot open include file: 'glm/vec2.hpp': No such file or directory
  ship.cpp
D:\Documents\School\GBC\Y2\S1\GAME2005\A2\GAME2005_A2_Ethier_Dunster\src\Transform.h(4,10): fatal error C1083: Cannot open include file: 'glm/vec2.hpp': No such file or directory
  SoundManager.cpp
D:\Documents\School\GBC\Y2\S1\GAME2005\A2\GAME2005_A2_Ethier_Dunster\src\SoundManager.h(11,10): fatal error C1083: Cannot open include file: 'SDL_mixer.h': No such file or directory
  EventManager.cpp
D:\Documents\School\GBC\Y2\S1\GAME2005\A2\GAME2005_A2_Ethier_Dunster\src\EventManager.h(5,10): fatal error C1083: Cannot open include file: 'SDL.h': No such file or directory
  SpriteSheet.cpp
D:\Documents\School\GBC\Y2\S1\GAME2005\A2\GAME2005_A2_Ethier_Dunster\src\SpriteSheet.h(7,10): fatal error C1083: Cannot open include file: 'SDL.h': No such file or directory
  StartScene.cpp
  The contents of <optional> are available only with C++17 or later.
D:\Documents\School\GBC\Y2\S1\GAME2005\A2\GAME2005_A2_Ethier_Dunster\src\Transform.h(4,10): fatal error C1083: Cannot open include file: 'glm/vec2.hpp': No such file or directory
  Target.cpp
D:\Documents\School\GBC\Y2\S1\GAME2005\A2\GAME2005_A2_Ethier_Dunster\src\Transform.h(4,10): fatal error C1083: Cannot open include file: 'glm/vec2.hpp': No such file or directory
  TextureManager.cpp
D:\Documents\School\GBC\Y2\S1\GAME2005\A2\GAME2005_A2_Ethier_Dunster\src\TextureManager.h(10,10): fatal error C1083: Cannot open include file: 'glm/vec2.hpp': No such file or directory
  Util.cpp
D:\Documents\School\GBC\Y2\S1\GAME2005\A2\GAME2005_A2_Ethier_Dunster\src\Util.h(5,10): fatal error C1083: Cannot open include file: 'GLM/vec2.hpp': No such file or directory
  Generating Code...
